<?xml version="1.0" encoding="UTF-8"?>
<!-- Generated by org.testng.reporters.JUnitReportReporter -->
<testsuite hostname="Soumyadipta" failures="0" tests="3" name="javaStreams.JavaStream" time="0.014" errors="0" timestamp="2024-08-07T23:32:48 IST" skipped="0">
  <testcase classname="javaStreams.JavaStream" name="mapping" time="0.009"/>
  <testcase classname="javaStreams.JavaStream" name="regular" time="0.001"/>
  <testcase classname="javaStreams.JavaStream" name="printmapping" time="0.004"/>
</testsuite> <!-- javaStreams.JavaStream -->
